Determining if the pthread_create exist failed with the following output:
Change Dir: /net/home/francis.james/catkin_ws/build_isolated/cartographer_ros/CMakeFiles/CMakeTmp

Run Build Command:/usr/bin/ninja cmTryCompileExec200142643
[1/2] Building C object CMakeFiles/cmTryCompileExec200142643.dir/CheckSymbolExists.c.o
[2/2] Linking C executable cmTryCompileExec200142643
FAILED: : && /usr/bin/cc     CMakeFiles/cmTryCompileExec200142643.dir/CheckSymbolExists.c.o  -o cmTryCompileExec200142643  -rdynamic && :
CMakeFiles/cmTryCompileExec200142643.dir/CheckSymbolExists.c.o: In function `main':
CheckSymbolExists.c:(.text+0x16): undefined reference to `pthread_create'
collect2: error: ld returned 1 exit status
ninja: build stopped: subcommand failed.

File /net/home/francis.james/catkin_ws/build_isolated/cartographer_ros/CMakeFiles/CMakeTmp/CheckSymbolExists.c:
/* */
#include <pthread.h>

int main(int argc, char** argv)
{
  (void)argv;
#ifndef pthread_create
  return ((int*)(&pthread_create))[argc];
#else
  (void)argc;
  return 0;
#endif
}

Determining if the function pthread_create exists in the pthreads failed with the following output:
Change Dir: /net/home/francis.james/catkin_ws/build_isolated/cartographer_ros/CMakeFiles/CMakeTmp

Run Build Command:/usr/bin/ninja cmTryCompileExec176891494
[1/2] Building C object CMakeFiles/cmTryCompileExec176891494.dir/CheckFunctionExists.c.o
[2/2] Linking C executable cmTryCompileExec176891494
FAILED: : && /usr/bin/cc  -DCHECK_FUNCTION_EXISTS=pthread_create   CMakeFiles/cmTryCompileExec176891494.dir/CheckFunctionExists.c.o  -o cmTryCompileExec176891494  -rdynamic -lpthreads && :
/usr/bin/ld: cannot find -lpthreads
collect2: error: ld returned 1 exit status
ninja: build stopped: subcommand failed.


